[debug] [2023-10-21T03:09:54.214Z] ----------------------------------------------------------------------
[debug] [2023-10-21T03:09:54.216Z] Command:       D:\node.exe C:\Users\dh812\AppData\Roaming\npm\node_modules\firebase-tools\lib\bin\firebase.js init
[debug] [2023-10-21T03:09:54.216Z] CLI Version:   12.7.0
[debug] [2023-10-21T03:09:54.217Z] Platform:      win32
[debug] [2023-10-21T03:09:54.217Z] Node Version:  v18.17.1
[debug] [2023-10-21T03:09:54.218Z] Time:          Sat Oct 21 2023 12:09:54 GMT+0900 (대한민국 표준시)
[debug] [2023-10-21T03:09:54.218Z] ----------------------------------------------------------------------
[debug] 
[debug] [2023-10-21T03:09:54.233Z] >>> [apiv2][query] GET https://firebase-public.firebaseio.com/cli.json [none]
[debug] [2023-10-21T03:09:54.280Z] > command requires scopes: ["email","openid","https://www.googleapis.com/auth/cloudplatformprojects.readonly","https://www.googleapis.com/auth/firebase","https://www.googleapis.com/auth/cloud-platform"]
[debug] [2023-10-21T03:09:54.281Z] > authorizing via signed-in user (kn901020123@gmail.com)
[info] 
     ######## #### ########  ######## ########     ###     ######  ########
     ##        ##  ##     ## ##       ##     ##  ##   ##  ##       ##
     ######    ##  ########  ######   ########  #########  ######  ######
     ##        ##  ##    ##  ##       ##     ## ##     ##       ## ##
     ##       #### ##     ## ######## ########  ##     ##  ######  ########

You're about to initialize a Firebase project in this directory:

  C:\Users\dh812\IdeaProjects\kimsloth-portfolio-main-page

[debug] [2023-10-21T03:09:54.746Z] <<< [apiv2][status] GET https://firebase-public.firebaseio.com/cli.json 200
[debug] [2023-10-21T03:09:54.747Z] <<< [apiv2][body] GET https://firebase-public.firebaseio.com/cli.json {"cloudBuildErrorAfter":1594252800000,"cloudBuildWarnAfter":1590019200000,"defaultNode10After":1594252800000,"minVersion":"3.0.5","node8DeploysDisabledAfter":1613390400000,"node8RuntimeDisabledAfter":1615809600000,"node8WarnAfter":1600128000000}
